0 info it worked if it ends with ok
1 verbose cli [ 'node', '/usr/local/bin/npm', 'publish', '--force' ]
2 info using npm@1.4.4
3 info using node@v0.10.21
4 warn using --force I sure hope you know what you are doing.
5 verbose publish [ '.' ]
6 verbose cache add [ '.', null ]
7 verbose cache add name=undefined spec="." args=[".",null]
8 verbose parsed url { protocol: null,
8 verbose parsed url   slashes: null,
8 verbose parsed url   auth: null,
8 verbose parsed url   host: null,
8 verbose parsed url   port: null,
8 verbose parsed url   hostname: null,
8 verbose parsed url   hash: null,
8 verbose parsed url   search: null,
8 verbose parsed url   query: null,
8 verbose parsed url   pathname: '.',
8 verbose parsed url   path: '.',
8 verbose parsed url   href: '.' }
9 silly lockFile 3a52ce78- .
10 verbose lock . /home/nadav/.npm/3a52ce78-.lock
11 verbose tar pack [ '/home/nadav/tmp/npm-30059-AUxcN1DX/1397344000514-0.7761950818821788/tmp.tgz',
11 verbose tar pack   '.' ]
12 verbose tarball /home/nadav/tmp/npm-30059-AUxcN1DX/1397344000514-0.7761950818821788/tmp.tgz
13 verbose folder .
14 info prepublish secure-randword@0.1.0
15 silly lockFile 1f1177db-tar tar://.
16 verbose lock tar://. /home/nadav/.npm/1f1177db-tar.lock
17 silly lockFile c509a1cd-00514-0-7761950818821788-tmp-tgz tar:///home/nadav/tmp/npm-30059-AUxcN1DX/1397344000514-0.7761950818821788/tmp.tgz
18 verbose lock tar:///home/nadav/tmp/npm-30059-AUxcN1DX/1397344000514-0.7761950818821788/tmp.tgz /home/nadav/.npm/c509a1cd-00514-0-7761950818821788-tmp-tgz.lock
19 silly lockFile 1f1177db-tar tar://.
20 silly lockFile 1f1177db-tar tar://.
21 silly lockFile c509a1cd-00514-0-7761950818821788-tmp-tgz tar:///home/nadav/tmp/npm-30059-AUxcN1DX/1397344000514-0.7761950818821788/tmp.tgz
22 silly lockFile c509a1cd-00514-0-7761950818821788-tmp-tgz tar:///home/nadav/tmp/npm-30059-AUxcN1DX/1397344000514-0.7761950818821788/tmp.tgz
23 verbose tar unpack /home/nadav/tmp/npm-30059-AUxcN1DX/1397344000514-0.7761950818821788/tmp.tgz
24 silly lockFile f56456d7-00514-0-7761950818821788-package tar:///home/nadav/tmp/npm-30059-AUxcN1DX/1397344000514-0.7761950818821788/package
25 verbose lock tar:///home/nadav/tmp/npm-30059-AUxcN1DX/1397344000514-0.7761950818821788/package /home/nadav/.npm/f56456d7-00514-0-7761950818821788-package.lock
26 silly lockFile c509a1cd-00514-0-7761950818821788-tmp-tgz tar:///home/nadav/tmp/npm-30059-AUxcN1DX/1397344000514-0.7761950818821788/tmp.tgz
27 verbose lock tar:///home/nadav/tmp/npm-30059-AUxcN1DX/1397344000514-0.7761950818821788/tmp.tgz /home/nadav/.npm/c509a1cd-00514-0-7761950818821788-tmp-tgz.lock
28 silly gunzTarPerm modes [ '755', '644' ]
29 silly gunzTarPerm extractEntry package.json
30 silly gunzTarPerm extractEntry .npmignore
31 silly gunzTarPerm extractEntry README.md
32 silly gunzTarPerm extractEntry index.js
33 silly gunzTarPerm extractEntry words.js
34 silly lockFile f56456d7-00514-0-7761950818821788-package tar:///home/nadav/tmp/npm-30059-AUxcN1DX/1397344000514-0.7761950818821788/package
35 silly lockFile f56456d7-00514-0-7761950818821788-package tar:///home/nadav/tmp/npm-30059-AUxcN1DX/1397344000514-0.7761950818821788/package
36 silly lockFile c509a1cd-00514-0-7761950818821788-tmp-tgz tar:///home/nadav/tmp/npm-30059-AUxcN1DX/1397344000514-0.7761950818821788/tmp.tgz
37 silly lockFile c509a1cd-00514-0-7761950818821788-tmp-tgz tar:///home/nadav/tmp/npm-30059-AUxcN1DX/1397344000514-0.7761950818821788/tmp.tgz
38 verbose tar pack [ '/home/nadav/.npm/secure-randword/0.1.0/package.tgz',
38 verbose tar pack   '/home/nadav/tmp/npm-30059-AUxcN1DX/1397344000514-0.7761950818821788/package' ]
39 verbose tarball /home/nadav/.npm/secure-randword/0.1.0/package.tgz
40 verbose folder /home/nadav/tmp/npm-30059-AUxcN1DX/1397344000514-0.7761950818821788/package
41 silly lockFile f56456d7-00514-0-7761950818821788-package tar:///home/nadav/tmp/npm-30059-AUxcN1DX/1397344000514-0.7761950818821788/package
42 verbose lock tar:///home/nadav/tmp/npm-30059-AUxcN1DX/1397344000514-0.7761950818821788/package /home/nadav/.npm/f56456d7-00514-0-7761950818821788-package.lock
43 silly lockFile 247a40eb-ecure-randword-0-1-0-package-tgz tar:///home/nadav/.npm/secure-randword/0.1.0/package.tgz
44 verbose lock tar:///home/nadav/.npm/secure-randword/0.1.0/package.tgz /home/nadav/.npm/247a40eb-ecure-randword-0-1-0-package-tgz.lock
45 silly lockFile f56456d7-00514-0-7761950818821788-package tar:///home/nadav/tmp/npm-30059-AUxcN1DX/1397344000514-0.7761950818821788/package
46 silly lockFile f56456d7-00514-0-7761950818821788-package tar:///home/nadav/tmp/npm-30059-AUxcN1DX/1397344000514-0.7761950818821788/package
47 silly lockFile 247a40eb-ecure-randword-0-1-0-package-tgz tar:///home/nadav/.npm/secure-randword/0.1.0/package.tgz
48 silly lockFile 247a40eb-ecure-randword-0-1-0-package-tgz tar:///home/nadav/.npm/secure-randword/0.1.0/package.tgz
49 silly lockFile 88498e25-pm-secure-randword-0-1-0-package /home/nadav/.npm/secure-randword/0.1.0/package
50 verbose lock /home/nadav/.npm/secure-randword/0.1.0/package /home/nadav/.npm/88498e25-pm-secure-randword-0-1-0-package.lock
51 silly lockFile 88498e25-pm-secure-randword-0-1-0-package /home/nadav/.npm/secure-randword/0.1.0/package
52 silly lockFile 88498e25-pm-secure-randword-0-1-0-package /home/nadav/.npm/secure-randword/0.1.0/package
53 verbose tar unpack /home/nadav/.npm/secure-randword/0.1.0/package.tgz
54 silly lockFile ca299ca8-pm-secure-randword-0-1-0-package tar:///home/nadav/.npm/secure-randword/0.1.0/package
55 verbose lock tar:///home/nadav/.npm/secure-randword/0.1.0/package /home/nadav/.npm/ca299ca8-pm-secure-randword-0-1-0-package.lock
56 silly lockFile 247a40eb-ecure-randword-0-1-0-package-tgz tar:///home/nadav/.npm/secure-randword/0.1.0/package.tgz
57 verbose lock tar:///home/nadav/.npm/secure-randword/0.1.0/package.tgz /home/nadav/.npm/247a40eb-ecure-randword-0-1-0-package-tgz.lock
58 silly gunzTarPerm modes [ '755', '644' ]
59 silly gunzTarPerm extractEntry package.json
60 silly gunzTarPerm extractEntry .npmignore
61 silly gunzTarPerm extractEntry README.md
62 silly gunzTarPerm extractEntry index.js
63 silly gunzTarPerm extractEntry words.js
64 silly lockFile ca299ca8-pm-secure-randword-0-1-0-package tar:///home/nadav/.npm/secure-randword/0.1.0/package
65 silly lockFile ca299ca8-pm-secure-randword-0-1-0-package tar:///home/nadav/.npm/secure-randword/0.1.0/package
66 silly lockFile 247a40eb-ecure-randword-0-1-0-package-tgz tar:///home/nadav/.npm/secure-randword/0.1.0/package.tgz
67 silly lockFile 247a40eb-ecure-randword-0-1-0-package-tgz tar:///home/nadav/.npm/secure-randword/0.1.0/package.tgz
68 verbose chmod /home/nadav/.npm/secure-randword/0.1.0/package.tgz 644
69 verbose chown /home/nadav/.npm/secure-randword/0.1.0/package.tgz [ 1000, 1000 ]
70 silly lockFile 3a52ce78- .
71 silly lockFile 3a52ce78- .
72 silly publish { name: 'secure-randword',
72 silly publish   version: '0.1.0',
72 silly publish   description: 'Generate random words using a CSPRNG',
72 silly publish   main: 'index.js',
72 silly publish   repository: { type: 'git', url: 'https://github.com/shesek/randwords' },
72 silly publish   keywords: [ 'random', 'words', 'word', 'word list' ],
72 silly publish   author: { name: 'Nadav Ivgi' },
72 silly publish   license: 'MIT',
72 silly publish   dependencies: { 'secure-random': '^0.2.1' },
72 silly publish   readme: '## secure-randword\n\nGenerate random words using a CSPRNG -\n[crypto.getRandom()](http://nodejs.org/api/crypto.html#crypto_crypto_randombytes_size_callback) on nodejs\nor [window.crypto.getRandomValues()](https://developer.mozilla.org/en-US/docs/Web/API/window.crypto.getRandomValues) on browsers,\nvia [secure-random](https://github.com/jprichardson/secure-random/).\n\nUses a [word list](https://raw.githubusercontent.com/bitcoin/bips/master/bip-0039/english.txt)\nof 2048 words from Bitcoin\'s\n[BIP 39](https://github.com/bitcoin/bips/blob/master/bip-0039.mediawiki).\n\n### Install\n\n    $ npm install secure-randword\n\n### Use\n\n    var randword = require(\'secure-randword\');\n    console.log(randword()); // one random word\n    console.log(randword(5)); // 5 random words\n\n### License\nMIT\n',
72 silly publish   readmeFilename: 'README.md',
72 silly publish   bugs: { url: 'https://github.com/shesek/randwords/issues' },
72 silly publish   homepage: 'https://github.com/shesek/randwords',
72 silly publish   _id: 'secure-randword@0.1.0',
72 silly publish   dist: { shasum: '5703e7be93db65883272c476b8f808695de9d413' },
72 silly publish   _from: '.' }
73 verbose url raw secure-randword
74 verbose url resolving [ 'https://registry.npmjs.org/', './secure-randword' ]
75 verbose url resolved https://registry.npmjs.org/secure-randword
76 info trying registry request attempt 1 at 02:06:40
77 http PUT https://registry.npmjs.org/secure-randword
78 http 403 https://registry.npmjs.org/secure-randword
79 error publish Failed PUT 403
80 error Error: forbidden cannot modify pre-existing version: 0.1.0
80 error old={"name":"secure-randword","version":"0.1.0","description":"Generate random words using a CSPRNG","main":"index.js","repository":{"type":"git","url":"https://github.com/shesek/randwords"},"keywords":["random","words","word","word list"],"author":{"name":"Nadav Ivgi"},"license":"MIT","dependencies":{"secure-random":"^0.2.1"},"bugs":{"url":"https://github.com/shesek/randwords/issues"},"homepage":"https://github.com/shesek/randwords","_id":"secure-randword@0.1.0","dist":{"shasum":"67744407cf775a65fe5b36a03f56aeccc3a7c3e0","tarball":"http://registry.npmjs.org/secure-randword/-/secure-randword-0.1.0.tgz"},"_from":".","_npmVersion":"1.4.4","_npmUser":{"name":"nadav","email":"npm@shesek.info"},"maintainers":[{"name":"nadav","email":"npm@shesek.info"}]}
80 error new={"name":"secure-randword","version":"0.1.0","description":"Generate random words using a CSPRNG","main":"index.js","repository":{"type":"git","url":"https://github.com/shesek/randwords"},"keywords":["random","words","word","word list"],"author":{"name":"Nadav Ivgi"},"license":"MIT","dependencies":{"secure-random":"^0.2.1"},"readme":"## secure-randword\u000a\u000aGenerate random words using a CSPRNG -\u000a[crypto.getRandom()](http://nodejs.org/api/crypto.html#crypto_crypto_randombytes_size_callback) on nodejs\u000aor [window.crypto.getRandomValues()](https://developer.mozilla.org/en-US/docs/Web/API/window.crypto.getRandomValues) on browsers,\u000avia [secure-random](https://github.com/jprichardson/secure-random/).\u000a\u000aUses a [word list](https://raw.githubusercontent.com/bitcoin/bips/master/bip-0039/english.txt)\u000aof 2048 words from Bitcoin's\u000a[BIP 39](https://github.com/bitcoin/bips/blob/master/bip-0039.mediawiki).\u000a\u000a### Install\u000a\u000a    $ npm install secure-randword\u000a\u000a### Use\u000a\u000a    var randword = require('secure-randword');\u000a    console.log(randword()); // one random word\u000a    console.log(randword(5)); // 5 random words\u000a\u000a### License\u000aMIT\u000a","readmeFilename":"README.md","bugs":{"url":"https://github.com/shesek/randwords/issues"},"homepage":"https://github.com/shesek/randwords","_id":"secure-randword@0.1.0","dist":{"shasum":"5703e7be93db65883272c476b8f808695de9d413","tarball":"http://registry.npmjs.org/secure-randword/-/secure-randword-0.1.0.tgz"},"_from":".","_npmVersion":"1.4.4","_npmUser":{"name":"nadav","email":"npm@shesek.info"},"maintainers":[{"name":"nadav","email":"npm@shesek.info"}]}: secure-randword
80 error     at RegClient.<anonymous> (/usr/local/lib/node_modules/npm/node_modules/npm-registry-client/lib/request.js:237:14)
80 error     at Request.self.callback (/usr/local/lib/node_modules/npm/node_modules/request/request.js:123:22)
80 error     at Request.EventEmitter.emit (events.js:98:17)
80 error     at Request.<anonymous> (/usr/local/lib/node_modules/npm/node_modules/request/request.js:893:14)
80 error     at Request.EventEmitter.emit (events.js:117:20)
80 error     at IncomingMessage.<anonymous> (/usr/local/lib/node_modules/npm/node_modules/request/request.js:844:12)
80 error     at IncomingMessage.EventEmitter.emit (events.js:117:20)
80 error     at _stream_readable.js:920:16
80 error     at process._tickCallback (node.js:415:13)
81 error If you need help, you may report this *entire* log,
81 error including the npm and node versions, at:
81 error     <http://github.com/npm/npm/issues>
82 error System Linux 3.11.0-18-generic
83 error command "node" "/usr/local/bin/npm" "publish" "--force"
84 error cwd /home/nadav/workspace/node-lib/randwords
85 error node -v v0.10.21
86 error npm -v 1.4.4
87 verbose exit [ 1, true ]
